/home/aditya/WoodFISH_sim/install/robot_description/lib/python3.12/site-packages/robot_description/__init__.py
/home/aditya/WoodFISH_sim/install/robot_description/lib/python3.12/site-packages/robot_description/__pycache__/__init__.cpython-312.pyc
/home/aditya/WoodFISH_sim/install/robot_description/share/robot_description/launch/gazebo_model.launch.py
/home/aditya/WoodFISH_sim/install/robot_description/share/robot_description/model/robot.gazebo
/home/aditya/WoodFISH_sim/install/robot_description/share/robot_description/model/robot.xacro
/home/aditya/WoodFISH_sim/install/robot_description/share/robot_description/meshes/propeller_s2.stl
/home/aditya/WoodFISH_sim/install/robot_description/share/robot_description/meshes/canister_m2.stl
/home/aditya/WoodFISH_sim/install/robot_description/share/robot_description/meshes/propeller_s1.stl
/home/aditya/WoodFISH_sim/install/robot_description/share/robot_description/meshes/cannister_s2.stl
/home/aditya/WoodFISH_sim/install/robot_description/share/robot_description/meshes/canister_m1.stl
/home/aditya/WoodFISH_sim/install/robot_description/share/robot_description/meshes/propeller_m2.stl
/home/aditya/WoodFISH_sim/install/robot_description/share/robot_description/meshes/cannister_s1.stl
/home/aditya/WoodFISH_sim/install/robot_description/share/robot_description/meshes/propeller_m1.stl
/home/aditya/WoodFISH_sim/install/robot_description/share/robot_description/meshes/base_link.stl
/home/aditya/WoodFISH_sim/install/robot_description/share/robot_description/parameters/bridge_params.yaml
/home/aditya/WoodFISH_sim/install/robot_description/share/robot_description/parameters/config.rviz
/home/aditya/WoodFISH_sim/install/robot_description/share/robot_description/worlds/water_world.sdf
/home/aditya/WoodFISH_sim/install/robot_description/share/robot_description/worlds/custom_world.world
/home/aditya/WoodFISH_sim/install/robot_description/share/ament_index/resource_index/packages/robot_description
/home/aditya/WoodFISH_sim/install/robot_description/share/robot_description/package.xml
/home/aditya/WoodFISH_sim/install/robot_description/lib/python3.12/site-packages/robot_description-0.0.0-py3.12.egg-info/top_level.txt
/home/aditya/WoodFISH_sim/install/robot_description/lib/python3.12/site-packages/robot_description-0.0.0-py3.12.egg-info/SOURCES.txt
/home/aditya/WoodFISH_sim/install/robot_description/lib/python3.12/site-packages/robot_description-0.0.0-py3.12.egg-info/dependency_links.txt
/home/aditya/WoodFISH_sim/install/robot_description/lib/python3.12/site-packages/robot_description-0.0.0-py3.12.egg-info/PKG-INFO
/home/aditya/WoodFISH_sim/install/robot_description/lib/python3.12/site-packages/robot_description-0.0.0-py3.12.egg-info/requires.txt
/home/aditya/WoodFISH_sim/install/robot_description/lib/python3.12/site-packages/robot_description-0.0.0-py3.12.egg-info/zip-safe
